<?xml version="1.0" encoding="UTF-8"?>
<!-- Generated by org.testng.reporters.JUnitXMLReporter -->
<testsuite hostname="youyidembp" ignored="0" name="/Users/youyima/Documents/测试学习/测试/hxb_appium/testDemo" tests="5" failures="0" timestamp="2019-10-20T17:43:54 CST" time="0.064" errors="0">
  <testcase name="loginTest" time="0.004" classname="testng_test.TestNgTest"/>
  <testcase name="loginTest" time="0.0" classname="testng_test.TestNgTest"/>
  <testcase name="loginTest" time="0.0" classname="testng_test.TestNgTest"/>
  <testcase name="loginTest" time="0.001" classname="testng_test.TestNgTest"/>
  <testcase name="test02" time="0.0" classname="testng_test.TestNgTest"/>
</testsuite> <!-- /Users/youyima/Documents/测试学习/测试/hxb_appium/testDemo -->
