<?xml version="1.0" encoding="UTF-8"?>
<!-- Generated by org.testng.reporters.JUnitXMLReporter -->
<testsuite hostname="youyidembp" ignored="0" name="Command line test" tests="5" failures="0" timestamp="2019-10-20T22:19:40 CST" time="0.35" errors="0">
  <testcase name="loginTest" time="0.197" classname="testng_test.TestNgTest"/>
  <testcase name="loginTest" time="0.002" classname="testng_test.TestNgTest"/>
  <testcase name="loginTest" time="0.002" classname="testng_test.TestNgTest"/>
  <testcase name="loginTest" time="0.002" classname="testng_test.TestNgTest"/>
  <testcase name="test02" time="0.001" classname="testng_test.TestNgTest"/>
</testsuite> <!-- Command line test -->
