<?xml version="1.0" encoding="UTF-8"?>
<testng-results skipped="0" failed="0" ignored="0" total="5" passed="5">
  <reporter-output>
  </reporter-output>
  <suite name="Command line suite" duration-ms="350" started-at="2019-10-20T22:19:39 CST" finished-at="2019-10-20T22:19:40 CST">
    <groups>
    </groups>
    <test name="Command line test" duration-ms="350" started-at="2019-10-20T22:19:39 CST" finished-at="2019-10-20T22:19:40 CST">
      <class name="testng_test.TestNgTest">
        <test-method status="PASS" signature="setupClass()[pri:0, instance:testng_test.TestNgTest@3aefe5e5]" name="setupClass" is-config="true" duration-ms="13" started-at="2019-10-20T22:19:39 CST" finished-at="2019-10-20T22:19:39 CST">
          <reporter-output>
          </reporter-output>
        </test-method> <!-- setupClass -->
        <test-method status="PASS" signature="setupMethod()[pri:0, instance:testng_test.TestNgTest@3aefe5e5]" name="setupMethod" is-config="true" duration-ms="1" started-at="2019-10-20T22:19:39 CST" finished-at="2019-10-20T22:19:39 CST">
          <reporter-output>
          </reporter-output>
        </test-method> <!-- setupMethod -->
        <test-method status="PASS" signature="loginTest(java.lang.String, java.lang.String, java.lang.String)[pri:0, instance:testng_test.TestNgTest@3aefe5e5]" name="loginTest" duration-ms="197" started-at="2019-10-20T22:19:39 CST" data-provider="getUsers" finished-at="2019-10-20T22:19:39 CST">
          <params>
            <param index="0">
              <value>
                <![CDATA[]]>
              </value>
            </param>
            <param index="1">
              <value>
                <![CDATA[]]>
              </value>
            </param>
            <param index="2">
              <value>
                <![CDATA[用户名或密码不能为空]]>
              </value>
            </param>
          </params>
          <reporter-output>
          </reporter-output>
        </test-method> <!-- loginTest -->
        <test-method status="PASS" signature="setupMethod()[pri:0, instance:testng_test.TestNgTest@3aefe5e5]" name="setupMethod" is-config="true" duration-ms="1" started-at="2019-10-20T22:19:39 CST" finished-at="2019-10-20T22:19:39 CST">
          <reporter-output>
          </reporter-output>
        </test-method> <!-- setupMethod -->
        <test-method status="PASS" signature="loginTest(java.lang.String, java.lang.String, java.lang.String)[pri:0, instance:testng_test.TestNgTest@3aefe5e5]" name="loginTest" duration-ms="2" started-at="2019-10-20T22:19:39 CST" data-provider="getUsers" finished-at="2019-10-20T22:19:39 CST">
          <params>
            <param index="0">
              <value>
                <![CDATA[youyi]]>
              </value>
            </param>
            <param index="1">
              <value>
                <![CDATA[]]>
              </value>
            </param>
            <param index="2">
              <value>
                <![CDATA[用户名或密码不能为空]]>
              </value>
            </param>
          </params>
          <reporter-output>
          </reporter-output>
        </test-method> <!-- loginTest -->
        <test-method status="PASS" signature="setupMethod()[pri:0, instance:testng_test.TestNgTest@3aefe5e5]" name="setupMethod" is-config="true" duration-ms="1" started-at="2019-10-20T22:19:39 CST" finished-at="2019-10-20T22:19:39 CST">
          <reporter-output>
          </reporter-output>
        </test-method> <!-- setupMethod -->
        <test-method status="PASS" signature="loginTest(java.lang.String, java.lang.String, java.lang.String)[pri:0, instance:testng_test.TestNgTest@3aefe5e5]" name="loginTest" duration-ms="2" started-at="2019-10-20T22:19:39 CST" data-provider="getUsers" finished-at="2019-10-20T22:19:39 CST">
          <params>
            <param index="0">
              <value>
                <![CDATA[admin]]>
              </value>
            </param>
            <param index="1">
              <value>
                <![CDATA[admin]]>
              </value>
            </param>
            <param index="2">
              <value>
                <![CDATA[欢迎,管理员]]>
              </value>
            </param>
          </params>
          <reporter-output>
          </reporter-output>
        </test-method> <!-- loginTest -->
        <test-method status="PASS" signature="setupMethod()[pri:0, instance:testng_test.TestNgTest@3aefe5e5]" name="setupMethod" is-config="true" duration-ms="1" started-at="2019-10-20T22:19:39 CST" finished-at="2019-10-20T22:19:39 CST">
          <reporter-output>
          </reporter-output>
        </test-method> <!-- setupMethod -->
        <test-method status="PASS" signature="loginTest(java.lang.String, java.lang.String, java.lang.String)[pri:0, instance:testng_test.TestNgTest@3aefe5e5]" name="loginTest" duration-ms="2" started-at="2019-10-20T22:19:39 CST" data-provider="getUsers" finished-at="2019-10-20T22:19:39 CST">
          <params>
            <param index="0">
              <value>
                <![CDATA[youyi]]>
              </value>
            </param>
            <param index="1">
              <value>
                <![CDATA[111]]>
              </value>
            </param>
            <param index="2">
              <value>
                <![CDATA[欢迎,youyi]]>
              </value>
            </param>
          </params>
          <reporter-output>
          </reporter-output>
        </test-method> <!-- loginTest -->
        <test-method status="PASS" signature="setupMethod()[pri:0, instance:testng_test.TestNgTest@3aefe5e5]" name="setupMethod" is-config="true" duration-ms="0" started-at="2019-10-20T22:19:39 CST" finished-at="2019-10-20T22:19:39 CST">
          <reporter-output>
          </reporter-output>
        </test-method> <!-- setupMethod -->
        <test-method status="PASS" signature="test02()[pri:0, instance:testng_test.TestNgTest@3aefe5e5]" name="test02" duration-ms="1" started-at="2019-10-20T22:19:39 CST" finished-at="2019-10-20T22:19:39 CST">
          <reporter-output>
          </reporter-output>
        </test-method> <!-- test02 -->
      </class> <!-- testng_test.TestNgTest -->
    </test> <!-- Command line test -->
  </suite> <!-- Command line suite -->
</testng-results>
